<?xml version="1.0" encoding="UTF-8"?>
<!-- Generated by org.testng.reporters.JUnitXMLReporter -->
<testsuite hostname="Admin-PC" name="sample test" tests="26" failures="0" timestamp="23 Aug 2015 16:37:30 GMT" time="455.539" errors="0">
  <testcase name="popUpClose" time="0.797" classname="com.st.test.SearchPageTest"/>
  <testcase name="verifySearchSection" time="0.657" classname="com.st.test.SearchPageTest"/>
  <testcase name="verifySearchByLocationField" time="18.493" classname="com.st.test.SearchPageTest"/>
  <testcase name="verifySearchByExperienceField" time="25.048" classname="com.st.test.SearchPageTest"/>
  <testcase name="verifySearchBySkill" time="14.988" classname="com.st.test.SearchPageTest"/>
  <testcase name="verifySearchResultsPage" time="3.817" classname="com.st.test.SearchPageTest"/>
  <testcase name="verifyRefineResultsSection" time="0.599" classname="com.st.test.SearchPageTest"/>
  <testcase name="verifySearchListingViewResults" time="8.978" classname="com.st.test.SearchPageTest"/>
  <testcase name="verifySearchDetailedViewResults" time="10.655" classname="com.st.test.SearchPageTest"/>
  <testcase name="verifySearchResultsSection" time="0.993" classname="com.st.test.SearchPageTest"/>
  <testcase name="verifyRefineByFreshness" time="11.814" classname="com.st.test.SearchPageTest"/>
  <testcase name="verifySearchByLocationSection" time="13.617" classname="com.st.test.SearchPageTest"/>
  <testcase name="verifyRefineByLocationPopUp" time="29.91" classname="com.st.test.SearchPageTest"/>
  <testcase name="verifyRefineByIndustryType" time="31.282" classname="com.st.test.SearchPageTest"/>
  <testcase name="verifyRefineByIndustryPopUp" time="34.969" classname="com.st.test.SearchPageTest"/>
  <testcase name="verifyRefineByEducation" time="24.393" classname="com.st.test.SearchPageTest"/>
  <testcase name="verifyRefineByEducationPopUp" time="38.868" classname="com.st.test.SearchPageTest"/>
  <testcase name="popUpClose" time="0.75" classname="com.st.test.RegisterPageTest"/>
  <testcase name="verifyRegistrationPage" time="14.203" classname="com.st.test.RegisterPageTest"/>
  <testcase name="verifyCreateLoginDetails" time="28.339" classname="com.st.test.RegisterPageTest"/>
  <testcase name="verifyYourContactInformation" time="9.275" classname="com.st.test.RegisterPageTest"/>
  <testcase name="verifyYourCurrentEmploymentDetails" time="27.196" classname="com.st.test.RegisterPageTest"/>
  <testcase name="verifyCompleteMyProfilePage" time="7.164" classname="com.st.test.RegisterPageTest"/>
  <testcase name="verifyEducationDetails" time="16.186" classname="com.st.test.RegisterPageTest"/>
  <testcase name="verifyCompleteMyProfile" time="7.902" classname="com.st.test.RegisterPageTest"/>
  <testcase name="verifyCreateYourJobAlert" time="18.128" classname="com.st.test.RegisterPageTest"/>
</testsuite> <!-- sample test -->
