<?xml version="1.0" encoding="UTF-8" ?>
<testsuite tests="26" failures="0" name="TestSuite" time="399.019" errors="0" skipped="0">
  <properties>
[...]
</properties>
  <testcase classname="com.st.test.SearchPageTest" name="popUpClose" time="0.805"/>
  <testcase classname="com.st.test.SearchPageTest" name="verifySearchSection" time="0.654"/>
  <testcase classname="com.st.test.SearchPageTest" name="verifySearchByLocationField" time="18.487"/>
  <testcase classname="com.st.test.SearchPageTest" name="verifySearchByExperienceField" time="25.05"/>
  <testcase classname="com.st.test.SearchPageTest" name="verifySearchBySkill" time="14.987"/>
  <testcase classname="com.st.test.SearchPageTest" name="verifySearchResultsPage" time="3.817"/>
  <testcase classname="com.st.test.SearchPageTest" name="verifyRefineResultsSection" time="0.599"/>
  <testcase classname="com.st.test.SearchPageTest" name="verifySearchListingViewResults" time="8.974"/>
  <testcase classname="com.st.test.SearchPageTest" name="verifySearchDetailedViewResults" time="10.654"/>
  <testcase classname="com.st.test.SearchPageTest" name="verifySearchResultsSection" time="0.993"/>
  <testcase classname="com.st.test.SearchPageTest" name="verifyRefineByFreshness" time="11.814"/>
  <testcase classname="com.st.test.SearchPageTest" name="verifySearchByLocationSection" time="13.617"/>
  <testcase classname="com.st.test.SearchPageTest" name="verifyRefineByLocationPopUp" time="29.914"/>
  <testcase classname="com.st.test.SearchPageTest" name="verifyRefineByIndustryType" time="31.282"/>
  <testcase classname="com.st.test.SearchPageTest" name="verifyRefineByIndustryPopUp" time="34.973"/>
  <testcase classname="com.st.test.SearchPageTest" name="verifyRefineByEducation" time="24.399"/>
  <testcase classname="com.st.test.SearchPageTest" name="verifyRefineByEducationPopUp" time="38.853"/>
  <testcase classname="com.st.test.RegisterPageTest" name="popUpClose" time="0.749"/>
  <testcase classname="com.st.test.RegisterPageTest" name="verifyRegistrationPage" time="14.203"/>
  <testcase classname="com.st.test.RegisterPageTest" name="verifyCreateLoginDetails" time="28.348"/>
  <testcase classname="com.st.test.RegisterPageTest" name="verifyYourContactInformation" time="9.272"/>
  <testcase classname="com.st.test.RegisterPageTest" name="verifyYourCurrentEmploymentDetails" time="27.211"/>
  <testcase classname="com.st.test.RegisterPageTest" name="verifyCompleteMyProfilePage" time="7.148"/>
  <testcase classname="com.st.test.RegisterPageTest" name="verifyEducationDetails" time="16.195"/>
  <testcase classname="com.st.test.RegisterPageTest" name="verifyCompleteMyProfile" time="7.896"/>
  <testcase classname="com.st.test.RegisterPageTest" name="verifyCreateYourJobAlert" time="18.125"/>
</testsuite>